# JRE version: Java(TM) SE Runtime Environment (8.0_91-b14) (build 1.8.0_91-b14)
# Java VM: Java HotSpot(TM) 64-Bit Server VM (25.91-b14 mixed mode bsd-amd64 compressed oops)
Heap:
 PSYoungGen      total 179712K, used 73680K [0x0000000795580000, 0x00000007a4180000, 0x00000007c0000000)
  eden space 166912K, 37% used [0x0000000795580000,0x000000079921c120,0x000000079f880000)
  from space 12800K, 90% used [0x000000079f880000,0x00000007a03d8090,0x00000007a0500000)
  to   space 13824K, 0% used [0x00000007a3400000,0x00000007a3400000,0x00000007a4180000)
 ParOldGen       total 94208K, used 20043K [0x0000000740000000, 0x0000000745c00000, 0x0000000795580000)
  object space 94208K, 21% used [0x0000000740000000,0x0000000741392f38,0x0000000745c00000)
 Metaspace       used 44130K, capacity 44914K, committed 45056K, reserved 1089536K
  class space    used 4722K, capacity 4847K, committed 4864K, reserved 1048576K
GC Heap History (10 events):
Event: 4.446 GC heap before
{Heap before GC invocations=7 (full 1):
 PSYoungGen      total 71680K, used 66560K [0x0000000795580000, 0x000000079eb80000, 0x00000007c0000000)
  eden space 66560K, 100% used [0x0000000795580000,0x0000000799680000,0x0000000799680000)
  from space 5120K, 0% used [0x0000000799680000,0x0000000799680000,0x0000000799b80000)
  to   space 10240K, 0% used [0x000000079e180000,0x000000079e180000,0x000000079eb80000)
 ParOldGen       total 63488K, used 11280K [0x0000000740000000, 0x0000000743e00000, 0x0000000795580000)
  object space 63488K, 17% used [0x0000000740000000,0x0000000740b041a8,0x0000000743e00000)
 Metaspace       used 25925K, capacity 26202K, committed 26624K, reserved 1073152K
  class space    used 3141K, capacity 3242K, committed 3328K, reserved 1048576K
Event: 4.481 GC heap after
Heap after GC invocations=7 (full 1):
 PSYoungGen      total 118272K, used 10208K [0x0000000795580000, 0x000000079eb80000, 0x00000007c0000000)
  eden space 108032K, 0% used [0x0000000795580000,0x0000000795580000,0x000000079bf00000)
  from space 10240K, 99% used [0x000000079e180000,0x000000079eb78348,0x000000079eb80000)
  to   space 11264K, 0% used [0x000000079d580000,0x000000079d580000,0x000000079e080000)
 ParOldGen       total 63488K, used 11391K [0x0000000740000000, 0x0000000743e00000, 0x0000000795580000)
  object space 63488K, 17% used [0x0000000740000000,0x0000000740b1ffd8,0x0000000743e00000)
 Metaspace       used 25925K, capacity 26202K, committed 26624K, reserved 1073152K
  class space    used 3141K, capacity 3242K, committed 3328K, reserved 1048576K
}
Event: 8.101 GC heap before
{Heap before GC invocations=8 (full 1):
 PSYoungGen      total 118272K, used 118240K [0x0000000795580000, 0x000000079eb80000, 0x00000007c0000000)
  eden space 108032K, 100% used [0x0000000795580000,0x000000079bf00000,0x000000079bf00000)
  from space 10240K, 99% used [0x000000079e180000,0x000000079eb78348,0x000000079eb80000)
  to   space 11264K, 0% used [0x000000079d580000,0x000000079d580000,0x000000079e080000)
 ParOldGen       total 63488K, used 11391K [0x0000000740000000, 0x0000000743e00000, 0x0000000795580000)
  object space 63488K, 17% used [0x0000000740000000,0x0000000740b1ffd8,0x0000000743e00000)
 Metaspace       used 29880K, capacity 30204K, committed 30464K, reserved 1075200K
  class space    used 3630K, capacity 3717K, committed 3840K, reserved 1048576K
Event: 8.114 GC heap after
Heap after GC invocations=8 (full 1):
 PSYoungGen      total 142336K, used 8968K [0x0000000795580000, 0x00000007a1000000, 0x00000007c0000000)
  eden space 131072K, 0% used [0x0000000795580000,0x0000000795580000,0x000000079d580000)
  from space 11264K, 79% used [0x000000079d580000,0x000000079de423f8,0x000000079e080000)
  to   space 11264K, 0% used [0x00000007a0500000,0x00000007a0500000,0x00000007a1000000)
 ParOldGen       total 63488K, used 11399K [0x0000000740000000, 0x0000000743e00000, 0x0000000795580000)
  object space 63488K, 17% used [0x0000000740000000,0x0000000740b21fd8,0x0000000743e00000)
 Metaspace       used 29880K, capacity 30204K, committed 30464K, reserved 1075200K
  class space    used 3630K, capacity 3717K, committed 3840K, reserved 1048576K
}
Event: 12.363 GC heap before
{Heap before GC invocations=9 (full 1):
 PSYoungGen      total 142336K, used 46565K [0x0000000795580000, 0x00000007a1000000, 0x00000007c0000000)
  eden space 131072K, 28% used [0x0000000795580000,0x0000000797a371e0,0x000000079d580000)
  from space 11264K, 79% used [0x000000079d580000,0x000000079de423f8,0x000000079e080000)
  to   space 11264K, 0% used [0x00000007a0500000,0x00000007a0500000,0x00000007a1000000)
 ParOldGen       total 63488K, used 11399K [0x0000000740000000, 0x0000000743e00000, 0x0000000795580000)
  object space 63488K, 17% used [0x0000000740000000,0x0000000740b21fd8,0x0000000743e00000)
 Metaspace       used 34890K, capacity 35200K, committed 35456K, reserved 1081344K
  class space    used 4073K, capacity 4167K, committed 4224K, reserved 1048576K
Event: 12.382 GC heap after
Heap after GC invocations=9 (full 1):
 PSYoungGen      total 178176K, used 11247K [0x0000000795580000, 0x00000007a2f80000, 0x00000007c0000000)
  eden space 166912K, 0% used [0x0000000795580000,0x0000000795580000,0x000000079f880000)
  from space 11264K, 99% used [0x00000007a0500000,0x00000007a0ffbd18,0x00000007a1000000)
  to   space 12800K, 0% used [0x000000079f880000,0x000000079f880000,0x00000007a0500000)
 ParOldGen       total 63488K, used 12411K [0x0000000740000000, 0x0000000743e00000, 0x0000000795580000)
  object space 63488K, 19% used [0x0000000740000000,0x0000000740c1ec40,0x0000000743e00000)
 Metaspace       used 34890K, capacity 35200K, committed 35456K, reserved 1081344K
  class space    used 4073K, capacity 4167K, committed 4224K, reserved 1048576K
}
Event: 12.382 GC heap before
{Heap before GC invocations=10 (full 2):
 PSYoungGen      total 178176K, used 11247K [0x0000000795580000, 0x00000007a2f80000, 0x00000007c0000000)
  eden space 166912K, 0% used [0x0000000795580000,0x0000000795580000,0x000000079f880000)
  from space 11264K, 99% used [0x00000007a0500000,0x00000007a0ffbd18,0x00000007a1000000)
  to   space 12800K, 0% used [0x000000079f880000,0x000000079f880000,0x00000007a0500000)
 ParOldGen       total 63488K, used 12411K [0x0000000740000000, 0x0000000743e00000, 0x0000000795580000)
  object space 63488K, 19% used [0x0000000740000000,0x0000000740c1ec40,0x0000000743e00000)
 Metaspace       used 34890K, capacity 35200K, committed 35456K, reserved 1081344K
  class space    used 4073K, capacity 4167K, committed 4224K, reserved 1048576K
Event: 12.479 GC heap after
Heap after GC invocations=10 (full 2):
 PSYoungGen      total 178176K, used 0K [0x0000000795580000, 0x00000007a2f80000, 0x00000007c0000000)
  eden space 166912K, 0% used [0x0000000795580000,0x0000000795580000,0x000000079f880000)
  from space 11264K, 0% used [0x00000007a0500000,0x00000007a0500000,0x00000007a1000000)
  to   space 12800K, 0% used [0x000000079f880000,0x000000079f880000,0x00000007a0500000)
 ParOldGen       total 94208K, used 20035K [0x0000000740000000, 0x0000000745c00000, 0x0000000795580000)
  object space 94208K, 21% used [0x0000000740000000,0x0000000741390f38,0x0000000745c00000)
 Metaspace       used 34890K, capacity 35200K, committed 35456K, reserved 1081344K
  class space    used 4073K, capacity 4167K, committed 4224K, reserved 1048576K
}
Event: 242.206 GC heap before
{Heap before GC invocations=11 (full 2):
 PSYoungGen      total 178176K, used 166912K [0x0000000795580000, 0x00000007a2f80000, 0x00000007c0000000)
  eden space 166912K, 100% used [0x0000000795580000,0x000000079f880000,0x000000079f880000)
  from space 11264K, 0% used [0x00000007a0500000,0x00000007a0500000,0x00000007a1000000)
  to   space 12800K, 0% used [0x000000079f880000,0x000000079f880000,0x00000007a0500000)
 ParOldGen       total 94208K, used 20035K [0x0000000740000000, 0x0000000745c00000, 0x0000000795580000)
  object space 94208K, 21% used [0x0000000740000000,0x0000000741390f38,0x0000000745c00000)
 Metaspace       used 42550K, capacity 43276K, committed 43520K, reserved 1087488K
  class space    used 4696K, capacity 4829K, committed 4864K, reserved 1048576K
Event: 242.224 GC heap after
Heap after GC invocations=11 (full 2):
 PSYoungGen      total 179712K, used 11616K [0x0000000795580000, 0x00000007a4180000, 0x00000007c0000000)
  eden space 166912K, 0% used [0x0000000795580000,0x0000000795580000,0x000000079f880000)
  from space 12800K, 90% used [0x000000079f880000,0x00000007a03d8090,0x00000007a0500000)
  to   space 13824K, 0% used [0x00000007a3400000,0x00000007a3400000,0x00000007a4180000)
 ParOldGen       total 94208K, used 20043K [0x0000000740000000, 0x0000000745c00000, 0x0000000795580000)
  object space 94208K, 21% used [0x0000000740000000,0x0000000741392f38,0x0000000745c00000)
 Metaspace       used 42550K, capacity 43276K, committed 43520K, reserved 1087488K
  class space    used 4696K, capacity 4829K, committed 4864K, reserved 1048576K
}

